<?xml version="1.0" encoding="UTF-8"?>
<testng-results ignored="0" total="1" passed="1" failed="0" skipped="0">
  <reporter-output>
  </reporter-output>
  <suite started-at="2023-12-21T13:43:44 EST" name="Default suite" finished-at="2023-12-21T13:43:48 EST" duration-ms="4440">
    <groups>
    </groups>
    <test started-at="2023-12-21T13:43:44 EST" name="Default test" finished-at="2023-12-21T13:43:48 EST" duration-ms="4440">
      <class name="testcases.saroj.BBB">
        <test-method is-config="true" signature="getDriver()[pri:0, instance:testcases.saroj.BBB@33d05366]" started-at="2023-12-21T13:43:44 EST" name="getDriver" finished-at="2023-12-21T13:43:44 EST" duration-ms="4" status="PASS">
          <reporter-output>
          </reporter-output>
        </test-method> <!-- getDriver -->
        <test-method is-config="true" signature="login()[pri:0, instance:testcases.saroj.BBB@33d05366]" started-at="2023-12-21T13:43:44 EST" name="login" finished-at="2023-12-21T13:43:46 EST" duration-ms="2105" status="PASS">
          <reporter-output>
          </reporter-output>
        </test-method> <!-- login -->
        <test-method signature="justForTest()[pri:0, instance:testcases.saroj.BBB@33d05366]" started-at="2023-12-21T13:43:46 EST" name="justForTest" finished-at="2023-12-21T13:43:48 EST" duration-ms="2314" status="PASS">
          <reporter-output>
          </reporter-output>
        </test-method> <!-- justForTest -->
      </class> <!-- testcases.saroj.BBB -->
    </test> <!-- Default test -->
  </suite> <!-- Default suite -->
</testng-results>
